<?xml version="1.0" encoding="UTF-8"?>
<!-- Generated by org.testng.reporters.JUnitReportReporter -->
<testsuite hostname="Gelbus-MacBook-Pro.local" failures="0" tests="1" name="com.citibikenyc.qa.test.TestClass" time="5.021" errors="0" timestamp="2022-07-28T08:00:15 GMT-04:00" skipped="0">
  <testcase classname="com.citibikenyc.qa.test.TestClass" name="home" time="5.021"/>
  <system-out/>
</testsuite> <!-- com.citibikenyc.qa.test.TestClass -->
